<?xml version="1.0" encoding="UTF-8"?>
<testsuites tests="1" failures="0" disabled="0" errors="0" time="0" timestamp="2024-06-07T09:37:29.012" name="AllTests">
  <testsuite name="GooTest" tests="1" failures="0" disabled="0" skipped="0" errors="0" time="0" timestamp="2024-06-07T09:37:29.012">
    <testcase name="TestGetValueWithZero" status="run" result="completed" time="0" timestamp="2024-06-07T09:37:29.012" classname="GooTest">
<properties>
<property name="cpptest_filename" value="/workspaces/coverage-gt/goo_test.cpp"/>
<property name="req" value="REQ-123-ZERO"/>
</properties>
    </testcase>
  </testsuite>
</testsuites>
